<?xml version="1.0" encoding="UTF-8"?>
<testng-results ignored="0" total="1" passed="1" failed="0" skipped="0">
  <reporter-output>
  </reporter-output>
  <suite started-at="2022-08-02T11:08:44 IST" name="Default suite" finished-at="2022-08-02T11:08:51 IST" duration-ms="6702">
    <groups>
    </groups>
    <test started-at="2022-08-02T11:08:44 IST" name="Default test" finished-at="2022-08-02T11:08:51 IST" duration-ms="6702">
      <class name="com.hrms.testCases.TC_LoginTest_001">
        <test-method is-config="true" signature="setUp()[pri:0, instance:com.hrms.testCases.TC_LoginTest_001@dbf57b3]" started-at="2022-08-02T11:08:44 IST" name="setUp" finished-at="2022-08-02T11:08:47 IST" duration-ms="3020" status="PASS">
          <reporter-output>
          </reporter-output>
        </test-method> <!-- setUp -->
        <test-method signature="loginTest()[pri:0, instance:com.hrms.testCases.TC_LoginTest_001@dbf57b3]" started-at="2022-08-02T11:08:47 IST" name="loginTest" finished-at="2022-08-02T11:08:50 IST" duration-ms="3224" status="PASS">
          <reporter-output>
          </reporter-output>
        </test-method> <!-- loginTest -->
        <test-method is-config="true" signature="tearDown()[pri:0, instance:com.hrms.testCases.TC_LoginTest_001@dbf57b3]" started-at="2022-08-02T11:08:50 IST" name="tearDown" finished-at="2022-08-02T11:08:51 IST" duration-ms="401" status="PASS">
          <reporter-output>
          </reporter-output>
        </test-method> <!-- tearDown -->
      </class> <!-- com.hrms.testCases.TC_LoginTest_001 -->
    </test> <!-- Default test -->
  </suite> <!-- Default suite -->
</testng-results>
